{"G:\\Projek\\Dicoding\\Jest\\02-Jest To Do List\\DIY\\src\\data\\local-storage-utility.js": {"path":"G:\\Projek\\Dicoding\\Jest\\02-Jest To Do List\\DIY\\src\\data\\local-storage-utility.js","statementMap":{"0":{"start":{"line":3,"column":28},"end":{"line":36,"column":1}},"1":{"start":{"line":7,"column":8},"end":{"line":17,"column":9}},"2":{"start":{"line":8,"column":12},"end":{"line":8,"column":46}},"3":{"start":{"line":9,"column":22},"end":{"line":9,"column":40}},"4":{"start":{"line":10,"column":12},"end":{"line":10,"column":34}},"5":{"start":{"line":11,"column":12},"end":{"line":11,"column":32}},"6":{"start":{"line":12,"column":12},"end":{"line":12,"column":35}},"7":{"start":{"line":13,"column":12},"end":{"line":13,"column":24}},"8":{"start":{"line":15,"column":12},"end":{"line":15,"column":67}},"9":{"start":{"line":16,"column":12},"end":{"line":16,"column":26}},"10":{"start":{"line":21,"column":8},"end":{"line":21,"column":86}},"11":{"start":{"line":25,"column":8},"end":{"line":25,"column":76}},"12":{"start":{"line":29,"column":8},"end":{"line":29,"column":59}}},"fnMap":{"0":{"name":"(anonymous_0)","decl":{"start":{"line":5,"column":4},"end":{"line":5,"column":5}},"loc":{"start":{"line":5,"column":26},"end":{"line":18,"column":5}},"line":5},"1":{"name":"(anonymous_1)","decl":{"start":{"line":20,"column":4},"end":{"line":20,"column":5}},"loc":{"start":{"line":20,"column":40},"end":{"line":22,"column":5}},"line":20},"2":{"name":"(anonymous_2)","decl":{"start":{"line":24,"column":4},"end":{"line":24,"column":5}},"loc":{"start":{"line":24,"column":33},"end":{"line":26,"column":5}},"line":24},"3":{"name":"(anonymous_3)","decl":{"start":{"line":28,"column":4},"end":{"line":28,"column":5}},"loc":{"start":{"line":28,"column":33},"end":{"line":30,"column":5}},"line":28}},"branchMap":{},"s":{"0":2,"1":9,"2":9,"3":9,"4":9,"5":9,"6":9,"7":9,"8":0,"9":0,"10":10,"11":10,"12":0},"f":{"0":9,"1":10,"2":10,"3":0},"b":{},"_coverageSchema":"1a1c01bbd47fc00a2c39e90264f33305004495a9","hash":"9b92e4c46877524a360d819607dd568a78f60cfc"}
,"G:\\Projek\\Dicoding\\Jest\\02-Jest To Do List\\DIY\\src\\global\\config.js": {"path":"G:\\Projek\\Dicoding\\Jest\\02-Jest To Do List\\DIY\\src\\global\\config.js","statementMap":{"0":{"start":{"line":1,"column":15},"end":{"line":3,"column":1}}},"fnMap":{},"branchMap":{},"s":{"0":2},"f":{},"b":{},"_coverageSchema":"1a1c01bbd47fc00a2c39e90264f33305004495a9","hash":"ccddf78041b5b23ee17296f181a7ee8ddd33965e"}
,"G:\\Projek\\Dicoding\\Jest\\02-Jest To Do List\\DIY\\src\\utility\\addingElement.js": {"path":"G:\\Projek\\Dicoding\\Jest\\02-Jest To Do List\\DIY\\src\\utility\\addingElement.js","statementMap":{"0":{"start":{"line":1,"column":16},"end":{"line":10,"column":1}},"1":{"start":{"line":2,"column":24},"end":{"line":2,"column":52}},"2":{"start":{"line":3,"column":4},"end":{"line":7,"column":5}},"3":{"start":{"line":4,"column":8},"end":{"line":6,"column":11}},"4":{"start":{"line":5,"column":12},"end":{"line":5,"column":43}},"5":{"start":{"line":8,"column":4},"end":{"line":8,"column":37}},"6":{"start":{"line":9,"column":4},"end":{"line":9,"column":24}}},"fnMap":{"0":{"name":"(anonymous_0)","decl":{"start":{"line":1,"column":16},"end":{"line":1,"column":17}},"loc":{"start":{"line":1,"column":44},"end":{"line":10,"column":1}},"line":1},"1":{"name":"(anonymous_1)","decl":{"start":{"line":4,"column":24},"end":{"line":4,"column":25}},"loc":{"start":{"line":4,"column":32},"end":{"line":6,"column":9}},"line":4}},"branchMap":{"0":{"loc":{"start":{"line":3,"column":4},"end":{"line":7,"column":5}},"type":"if","locations":[{"start":{"line":3,"column":4},"end":{"line":7,"column":5}},{"start":{},"end":{}}],"line":3}},"s":{"0":2,"1":90,"2":90,"3":90,"4":225,"5":90,"6":90},"f":{"0":90,"1":225},"b":{"0":[90,0]},"_coverageSchema":"1a1c01bbd47fc00a2c39e90264f33305004495a9","hash":"db019880cab594a4816fc561c86a41fc45da7764"}
,"G:\\Projek\\Dicoding\\Jest\\02-Jest To Do List\\DIY\\src\\utility\\taskListUtility.js": {"path":"G:\\Projek\\Dicoding\\Jest\\02-Jest To Do List\\DIY\\src\\utility\\taskListUtility.js","statementMap":{"0":{"start":{"line":7,"column":8},"end":{"line":7,"column":24}},"1":{"start":{"line":8,"column":8},"end":{"line":8,"column":20}},"2":{"start":{"line":9,"column":8},"end":{"line":9,"column":37}},"3":{"start":{"line":14,"column":8},"end":{"line":26,"column":9}},"4":{"start":{"line":15,"column":29},"end":{"line":15,"column":77}},"5":{"start":{"line":16,"column":12},"end":{"line":16,"column":55}},"6":{"start":{"line":18,"column":12},"end":{"line":23,"column":13}},"7":{"start":{"line":19,"column":16},"end":{"line":19,"column":74}},"8":{"start":{"line":20,"column":16},"end":{"line":20,"column":38}},"9":{"start":{"line":21,"column":16},"end":{"line":21,"column":43}},"10":{"start":{"line":30,"column":8},"end":{"line":39,"column":9}},"11":{"start":{"line":31,"column":12},"end":{"line":31,"column":55}},"12":{"start":{"line":32,"column":12},"end":{"line":32,"column":26}},"13":{"start":{"line":33,"column":28},"end":{"line":33,"column":57}},"14":{"start":{"line":34,"column":12},"end":{"line":34,"column":56}},"15":{"start":{"line":35,"column":12},"end":{"line":35,"column":36}},"16":{"start":{"line":37,"column":12},"end":{"line":37,"column":65}},"17":{"start":{"line":38,"column":12},"end":{"line":38,"column":52}},"18":{"start":{"line":43,"column":8},"end":{"line":43,"column":67}},"19":{"start":{"line":43,"column":46},"end":{"line":43,"column":65}},"20":{"start":{"line":44,"column":8},"end":{"line":44,"column":61}},"21":{"start":{"line":45,"column":8},"end":{"line":45,"column":38}},"22":{"start":{"line":49,"column":29},"end":{"line":49,"column":31}},"23":{"start":{"line":50,"column":8},"end":{"line":58,"column":11}},"24":{"start":{"line":51,"column":12},"end":{"line":51,"column":30}},"25":{"start":{"line":52,"column":12},"end":{"line":57,"column":13}},"26":{"start":{"line":53,"column":16},"end":{"line":53,"column":68}},"27":{"start":{"line":54,"column":16},"end":{"line":54,"column":73}},"28":{"start":{"line":56,"column":16},"end":{"line":56,"column":40}},"29":{"start":{"line":59,"column":8},"end":{"line":59,"column":33}},"30":{"start":{"line":60,"column":8},"end":{"line":60,"column":31}},"31":{"start":{"line":61,"column":8},"end":{"line":61,"column":61}},"32":{"start":{"line":65,"column":8},"end":{"line":70,"column":10}},"33":{"start":{"line":66,"column":12},"end":{"line":68,"column":13}},"34":{"start":{"line":67,"column":16},"end":{"line":67,"column":54}},"35":{"start":{"line":69,"column":12},"end":{"line":69,"column":24}},"36":{"start":{"line":71,"column":8},"end":{"line":71,"column":31}},"37":{"start":{"line":72,"column":8},"end":{"line":72,"column":61}},"38":{"start":{"line":76,"column":8},"end":{"line":76,"column":57}}},"fnMap":{"0":{"name":"(anonymous_0)","decl":{"start":{"line":6,"column":4},"end":{"line":6,"column":5}},"loc":{"start":{"line":6,"column":18},"end":{"line":10,"column":5}},"line":6},"1":{"name":"(anonymous_1)","decl":{"start":{"line":12,"column":4},"end":{"line":12,"column":5}},"loc":{"start":{"line":12,"column":27},"end":{"line":27,"column":5}},"line":12},"2":{"name":"(anonymous_2)","decl":{"start":{"line":29,"column":4},"end":{"line":29,"column":5}},"loc":{"start":{"line":29,"column":18},"end":{"line":40,"column":5}},"line":29},"3":{"name":"(anonymous_3)","decl":{"start":{"line":42,"column":4},"end":{"line":42,"column":5}},"loc":{"start":{"line":42,"column":23},"end":{"line":46,"column":5}},"line":42},"4":{"name":"(anonymous_4)","decl":{"start":{"line":43,"column":38},"end":{"line":43,"column":39}},"loc":{"start":{"line":43,"column":46},"end":{"line":43,"column":65}},"line":43},"5":{"name":"(anonymous_5)","decl":{"start":{"line":48,"column":4},"end":{"line":48,"column":5}},"loc":{"start":{"line":48,"column":32},"end":{"line":62,"column":5}},"line":48},"6":{"name":"(anonymous_6)","decl":{"start":{"line":50,"column":26},"end":{"line":50,"column":27}},"loc":{"start":{"line":50,"column":34},"end":{"line":58,"column":9}},"line":50},"7":{"name":"(anonymous_7)","decl":{"start":{"line":64,"column":4},"end":{"line":64,"column":5}},"loc":{"start":{"line":64,"column":45},"end":{"line":73,"column":5}},"line":64},"8":{"name":"(anonymous_8)","decl":{"start":{"line":65,"column":34},"end":{"line":65,"column":35}},"loc":{"start":{"line":65,"column":42},"end":{"line":70,"column":9}},"line":65},"9":{"name":"(anonymous_9)","decl":{"start":{"line":75,"column":4},"end":{"line":75,"column":5}},"loc":{"start":{"line":75,"column":20},"end":{"line":77,"column":5}},"line":75}},"branchMap":{"0":{"loc":{"start":{"line":14,"column":8},"end":{"line":26,"column":9}},"type":"if","locations":[{"start":{"line":14,"column":8},"end":{"line":26,"column":9}},{"start":{},"end":{}}],"line":14},"1":{"loc":{"start":{"line":18,"column":12},"end":{"line":23,"column":13}},"type":"if","locations":[{"start":{"line":18,"column":12},"end":{"line":23,"column":13}},{"start":{},"end":{}}],"line":18},"2":{"loc":{"start":{"line":18,"column":15},"end":{"line":18,"column":48}},"type":"binary-expr","locations":[{"start":{"line":18,"column":15},"end":{"line":18,"column":23}},{"start":{"line":18,"column":27},"end":{"line":18,"column":48}}],"line":18},"3":{"loc":{"start":{"line":30,"column":8},"end":{"line":39,"column":9}},"type":"if","locations":[{"start":{"line":30,"column":8},"end":{"line":39,"column":9}},{"start":{},"end":{}}],"line":30},"4":{"loc":{"start":{"line":52,"column":12},"end":{"line":57,"column":13}},"type":"if","locations":[{"start":{"line":52,"column":12},"end":{"line":57,"column":13}},{"start":{"line":55,"column":18},"end":{"line":57,"column":13}}],"line":52},"5":{"loc":{"start":{"line":66,"column":12},"end":{"line":68,"column":13}},"type":"if","locations":[{"start":{"line":66,"column":12},"end":{"line":68,"column":13}},{"start":{},"end":{}}],"line":66}},"s":{"0":3,"1":3,"2":3,"3":3,"4":3,"5":3,"6":3,"7":0,"8":0,"9":0,"10":6,"11":6,"12":6,"13":6,"14":6,"15":6,"16":6,"17":6,"18":3,"19":6,"20":3,"21":3,"22":1,"23":1,"24":3,"25":3,"26":1,"27":1,"28":2,"29":1,"30":1,"31":1,"32":0,"33":0,"34":0,"35":0,"36":0,"37":0,"38":0},"f":{"0":3,"1":3,"2":6,"3":3,"4":6,"5":1,"6":3,"7":0,"8":0,"9":0},"b":{"0":[3,0],"1":[0,3],"2":[3,0],"3":[6,0],"4":[1,2],"5":[0,0]},"_coverageSchema":"1a1c01bbd47fc00a2c39e90264f33305004495a9","hash":"9b7582f78c376d43429cfe8c4e7483692cf95073"}
,"G:\\Projek\\Dicoding\\Jest\\02-Jest To Do List\\DIY\\src\\utility\\taskObject.js": {"path":"G:\\Projek\\Dicoding\\Jest\\02-Jest To Do List\\DIY\\src\\utility\\taskObject.js","statementMap":{"0":{"start":{"line":3,"column":8},"end":{"line":3,"column":41}},"1":{"start":{"line":4,"column":8},"end":{"line":4,"column":23}},"2":{"start":{"line":5,"column":8},"end":{"line":5,"column":36}}},"fnMap":{"0":{"name":"(anonymous_0)","decl":{"start":{"line":2,"column":4},"end":{"line":2,"column":5}},"loc":{"start":{"line":2,"column":55},"end":{"line":7,"column":5}},"line":2}},"branchMap":{"0":{"loc":{"start":{"line":2,"column":29},"end":{"line":2,"column":33}},"type":"default-arg","locations":[{"start":{"line":2,"column":32},"end":{"line":2,"column":33}}],"line":2},"1":{"loc":{"start":{"line":2,"column":35},"end":{"line":2,"column":52}},"type":"default-arg","locations":[{"start":{"line":2,"column":47},"end":{"line":2,"column":52}}],"line":2}},"s":{"0":6,"1":6,"2":6},"f":{"0":6},"b":{"0":[0],"1":[6]},"_coverageSchema":"1a1c01bbd47fc00a2c39e90264f33305004495a9","hash":"701732ad791871da03d6a8579b8467e3188eb968"}
,"G:\\Projek\\Dicoding\\Jest\\02-Jest To Do List\\DIY\\src\\views\\composeElement.js": {"path":"G:\\Projek\\Dicoding\\Jest\\02-Jest To Do List\\DIY\\src\\views\\composeElement.js","statementMap":{"0":{"start":{"line":5,"column":23},"end":{"line":75,"column":1}},"1":{"start":{"line":15,"column":8},"end":{"line":15,"column":27}},"2":{"start":{"line":16,"column":8},"end":{"line":16,"column":32}},"3":{"start":{"line":17,"column":8},"end":{"line":17,"column":29}},"4":{"start":{"line":21,"column":8},"end":{"line":21,"column":36}},"5":{"start":{"line":25,"column":8},"end":{"line":25,"column":78}},"6":{"start":{"line":26,"column":8},"end":{"line":31,"column":10}},"7":{"start":{"line":32,"column":8},"end":{"line":32,"column":79}},"8":{"start":{"line":33,"column":8},"end":{"line":33,"column":81}},"9":{"start":{"line":34,"column":8},"end":{"line":34,"column":75}},"10":{"start":{"line":35,"column":8},"end":{"line":35,"column":117}},"11":{"start":{"line":37,"column":8},"end":{"line":37,"column":71}},"12":{"start":{"line":38,"column":8},"end":{"line":38,"column":80}},"13":{"start":{"line":39,"column":8},"end":{"line":39,"column":63}},"14":{"start":{"line":44,"column":8},"end":{"line":47,"column":11}},"15":{"start":{"line":53,"column":8},"end":{"line":53,"column":32}},"16":{"start":{"line":54,"column":8},"end":{"line":54,"column":37}},"17":{"start":{"line":58,"column":8},"end":{"line":65,"column":9}},"18":{"start":{"line":59,"column":12},"end":{"line":59,"column":32}},"19":{"start":{"line":60,"column":12},"end":{"line":60,"column":32}},"20":{"start":{"line":61,"column":12},"end":{"line":61,"column":40}},"21":{"start":{"line":62,"column":12},"end":{"line":62,"column":58}},"22":{"start":{"line":63,"column":12},"end":{"line":63,"column":41}},"23":{"start":{"line":64,"column":12},"end":{"line":64,"column":36}},"24":{"start":{"line":70,"column":8},"end":{"line":73,"column":9}},"25":{"start":{"line":71,"column":12},"end":{"line":71,"column":43}},"26":{"start":{"line":72,"column":12},"end":{"line":72,"column":47}}},"fnMap":{"0":{"name":"(anonymous_0)","decl":{"start":{"line":14,"column":4},"end":{"line":14,"column":5}},"loc":{"start":{"line":14,"column":10},"end":{"line":18,"column":5}},"line":14},"1":{"name":"(anonymous_1)","decl":{"start":{"line":20,"column":4},"end":{"line":20,"column":5}},"loc":{"start":{"line":20,"column":18},"end":{"line":22,"column":5}},"line":20},"2":{"name":"(anonymous_2)","decl":{"start":{"line":24,"column":4},"end":{"line":24,"column":5}},"loc":{"start":{"line":24,"column":27},"end":{"line":40,"column":5}},"line":24},"3":{"name":"(anonymous_3)","decl":{"start":{"line":42,"column":4},"end":{"line":42,"column":5}},"loc":{"start":{"line":42,"column":22},"end":{"line":49,"column":5}},"line":42},"4":{"name":"(anonymous_4)","decl":{"start":{"line":51,"column":4},"end":{"line":51,"column":5}},"loc":{"start":{"line":51,"column":19},"end":{"line":55,"column":5}},"line":51},"5":{"name":"(anonymous_5)","decl":{"start":{"line":57,"column":4},"end":{"line":57,"column":5}},"loc":{"start":{"line":57,"column":23},"end":{"line":66,"column":5}},"line":57},"6":{"name":"(anonymous_6)","decl":{"start":{"line":58,"column":40},"end":{"line":58,"column":41}},"loc":{"start":{"line":58,"column":47},"end":{"line":65,"column":9}},"line":58},"7":{"name":"(anonymous_7)","decl":{"start":{"line":68,"column":4},"end":{"line":68,"column":5}},"loc":{"start":{"line":68,"column":28},"end":{"line":74,"column":5}},"line":68},"8":{"name":"(anonymous_8)","decl":{"start":{"line":70,"column":36},"end":{"line":70,"column":37}},"loc":{"start":{"line":70,"column":42},"end":{"line":73,"column":9}},"line":70}},"branchMap":{},"s":{"0":1,"1":0,"2":0,"3":0,"4":0,"5":0,"6":0,"7":0,"8":0,"9":0,"10":0,"11":0,"12":0,"13":0,"14":0,"15":0,"16":0,"17":0,"18":0,"19":0,"20":0,"21":0,"22":0,"23":0,"24":0,"25":0,"26":0},"f":{"0":0,"1":0,"2":0,"3":0,"4":0,"5":0,"6":0,"7":0,"8":0},"b":{},"_coverageSchema":"1a1c01bbd47fc00a2c39e90264f33305004495a9","hash":"7a0956e0b0505f4fd3ec2e6b72188a9b6700bf0c"}
,"G:\\Projek\\Dicoding\\Jest\\02-Jest To Do List\\DIY\\src\\views\\render-list-update.js": {"path":"G:\\Projek\\Dicoding\\Jest\\02-Jest To Do List\\DIY\\src\\views\\render-list-update.js","statementMap":{"0":{"start":{"line":5,"column":32},"end":{"line":8,"column":1}},"1":{"start":{"line":6,"column":4},"end":{"line":6,"column":42}},"2":{"start":{"line":7,"column":4},"end":{"line":7,"column":48}},"3":{"start":{"line":11,"column":20},"end":{"line":60,"column":1}},"4":{"start":{"line":12,"column":4},"end":{"line":12,"column":34}},"5":{"start":{"line":13,"column":4},"end":{"line":58,"column":7}},"6":{"start":{"line":14,"column":30},"end":{"line":14,"column":98}},"7":{"start":{"line":15,"column":25},"end":{"line":15,"column":70}},"8":{"start":{"line":16,"column":8},"end":{"line":16,"column":50}},"9":{"start":{"line":17,"column":8},"end":{"line":17,"column":78}},"10":{"start":{"line":18,"column":32},"end":{"line":18,"column":137}},"11":{"start":{"line":19,"column":8},"end":{"line":19,"column":51}},"12":{"start":{"line":20,"column":25},"end":{"line":20,"column":120}},"13":{"start":{"line":21,"column":26},"end":{"line":21,"column":85}},"14":{"start":{"line":22,"column":27},"end":{"line":22,"column":110}},"15":{"start":{"line":26,"column":8},"end":{"line":44,"column":10}},"16":{"start":{"line":27,"column":12},"end":{"line":43,"column":13}},"17":{"start":{"line":28,"column":16},"end":{"line":28,"column":75}},"18":{"start":{"line":29,"column":16},"end":{"line":29,"column":47}},"19":{"start":{"line":30,"column":16},"end":{"line":30,"column":51}},"20":{"start":{"line":33,"column":16},"end":{"line":37,"column":17}},"21":{"start":{"line":34,"column":20},"end":{"line":34,"column":51}},"22":{"start":{"line":35,"column":20},"end":{"line":35,"column":73}},"23":{"start":{"line":36,"column":20},"end":{"line":36,"column":91}},"24":{"start":{"line":40,"column":16},"end":{"line":40,"column":68}},"25":{"start":{"line":41,"column":16},"end":{"line":41,"column":50}},"26":{"start":{"line":42,"column":16},"end":{"line":42,"column":48}},"27":{"start":{"line":46,"column":8},"end":{"line":49,"column":9}},"28":{"start":{"line":47,"column":12},"end":{"line":47,"column":42}},"29":{"start":{"line":48,"column":12},"end":{"line":48,"column":83}},"30":{"start":{"line":51,"column":8},"end":{"line":56,"column":9}},"31":{"start":{"line":52,"column":12},"end":{"line":52,"column":31}},"32":{"start":{"line":53,"column":12},"end":{"line":53,"column":44}},"33":{"start":{"line":54,"column":12},"end":{"line":54,"column":74}},"34":{"start":{"line":55,"column":12},"end":{"line":55,"column":84}}},"fnMap":{"0":{"name":"(anonymous_0)","decl":{"start":{"line":5,"column":32},"end":{"line":5,"column":33}},"loc":{"start":{"line":5,"column":63},"end":{"line":8,"column":1}},"line":5},"1":{"name":"(anonymous_1)","decl":{"start":{"line":11,"column":20},"end":{"line":11,"column":21}},"loc":{"start":{"line":11,"column":49},"end":{"line":60,"column":1}},"line":11},"2":{"name":"(anonymous_2)","decl":{"start":{"line":13,"column":26},"end":{"line":13,"column":27}},"loc":{"start":{"line":13,"column":36},"end":{"line":58,"column":5}},"line":13},"3":{"name":"(anonymous_3)","decl":{"start":{"line":26,"column":47},"end":{"line":26,"column":48}},"loc":{"start":{"line":26,"column":53},"end":{"line":44,"column":9}},"line":26},"4":{"name":"(anonymous_4)","decl":{"start":{"line":33,"column":43},"end":{"line":33,"column":44}},"loc":{"start":{"line":33,"column":49},"end":{"line":37,"column":17}},"line":33},"5":{"name":"(anonymous_5)","decl":{"start":{"line":46,"column":28},"end":{"line":46,"column":29}},"loc":{"start":{"line":46,"column":34},"end":{"line":49,"column":9}},"line":46},"6":{"name":"(anonymous_6)","decl":{"start":{"line":51,"column":27},"end":{"line":51,"column":28}},"loc":{"start":{"line":51,"column":34},"end":{"line":56,"column":9}},"line":51}},"branchMap":{"0":{"loc":{"start":{"line":17,"column":30},"end":{"line":17,"column":72}},"type":"cond-expr","locations":[{"start":{"line":17,"column":47},"end":{"line":17,"column":56}},{"start":{"line":17,"column":59},"end":{"line":17,"column":72}}],"line":17},"1":{"loc":{"start":{"line":18,"column":76},"end":{"line":18,"column":120}},"type":"cond-expr","locations":[{"start":{"line":18,"column":92},"end":{"line":18,"column":108}},{"start":{"line":18,"column":111},"end":{"line":18,"column":120}}],"line":18},"2":{"loc":{"start":{"line":27,"column":12},"end":{"line":43,"column":13}},"type":"if","locations":[{"start":{"line":27,"column":12},"end":{"line":43,"column":13}},{"start":{"line":39,"column":19},"end":{"line":43,"column":13}}],"line":27}},"s":{"0":2,"1":8,"2":8,"3":2,"4":8,"5":8,"6":15,"7":15,"8":15,"9":15,"10":15,"11":15,"12":15,"13":15,"14":15,"15":15,"16":0,"17":0,"18":0,"19":0,"20":0,"21":0,"22":0,"23":0,"24":0,"25":0,"26":0,"27":15,"28":0,"29":0,"30":15,"31":0,"32":0,"33":0,"34":0},"f":{"0":8,"1":8,"2":15,"3":0,"4":0,"5":0,"6":0},"b":{"0":[0,15],"1":[0,15],"2":[0,0]},"_coverageSchema":"1a1c01bbd47fc00a2c39e90264f33305004495a9","hash":"ec11c0046a300e9acb0cb5925f5c90d88493acf5"}
}
