TN:
SF:src\data\local-storage-utility.js
FN:5,(anonymous_0)
FN:20,(anonymous_1)
FN:24,(anonymous_2)
FN:28,(anonymous_3)
FNF:4
FNH:3
FNDA:5,(anonymous_0)
FNDA:6,(anonymous_1)
FNDA:8,(anonymous_2)
FNDA:0,(anonymous_3)
DA:3,1
DA:7,5
DA:8,5
DA:9,5
DA:10,5
DA:11,5
DA:12,5
DA:13,5
DA:15,0
DA:16,0
DA:21,6
DA:25,8
DA:29,0
LF:13
LH:10
BRF:0
BRH:0
end_of_record
TN:
SF:src\global\config.js
FNF:0
FNH:0
DA:1,1
LF:1
LH:1
BRF:0
BRH:0
end_of_record
TN:
SF:src\utility\addingElement.js
FN:1,(anonymous_0)
FN:4,(anonymous_1)
FNF:2
FNH:2
FNDA:54,(anonymous_0)
FNDA:135,(anonymous_1)
DA:1,1
DA:2,54
DA:3,54
DA:4,54
DA:5,135
DA:8,54
DA:9,54
LF:7
LH:7
BRDA:3,0,0,54
BRDA:3,0,1,0
BRF:2
BRH:1
end_of_record
TN:
SF:src\utility\taskListUtility.js
FN:6,(anonymous_0)
FN:12,(anonymous_1)
FN:29,(anonymous_2)
FN:42,(anonymous_3)
FN:43,(anonymous_4)
FN:48,(anonymous_5)
FN:50,(anonymous_6)
FN:64,(anonymous_7)
FN:65,(anonymous_8)
FN:75,(anonymous_9)
FNF:10
FNH:5
FNDA:2,(anonymous_0)
FNDA:2,(anonymous_1)
FNDA:3,(anonymous_2)
FNDA:3,(anonymous_3)
FNDA:6,(anonymous_4)
FNDA:0,(anonymous_5)
FNDA:0,(anonymous_6)
FNDA:0,(anonymous_7)
FNDA:0,(anonymous_8)
FNDA:0,(anonymous_9)
DA:7,2
DA:8,2
DA:9,2
DA:14,2
DA:15,2
DA:16,2
DA:18,2
DA:19,0
DA:20,0
DA:21,0
DA:30,3
DA:31,3
DA:32,3
DA:33,3
DA:34,3
DA:35,3
DA:37,3
DA:38,3
DA:43,6
DA:44,3
DA:45,3
DA:49,0
DA:50,0
DA:51,0
DA:52,0
DA:53,0
DA:54,0
DA:56,0
DA:59,0
DA:60,0
DA:61,0
DA:65,0
DA:66,0
DA:67,0
DA:69,0
DA:71,0
DA:72,0
DA:76,0
LF:38
LH:18
BRDA:14,0,0,2
BRDA:14,0,1,0
BRDA:18,1,0,0
BRDA:18,1,1,2
BRDA:18,2,0,2
BRDA:18,2,1,0
BRDA:30,3,0,3
BRDA:30,3,1,0
BRDA:52,4,0,0
BRDA:52,4,1,0
BRDA:66,5,0,0
BRDA:66,5,1,0
BRF:12
BRH:4
end_of_record
TN:
SF:src\utility\taskObject.js
FN:2,(anonymous_0)
FNF:1
FNH:1
FNDA:3,(anonymous_0)
DA:3,3
DA:4,3
DA:5,3
LF:3
LH:3
BRDA:2,0,0,0
BRDA:2,1,0,3
BRF:2
BRH:1
end_of_record
TN:
SF:src\views\composeElement.js
FN:14,(anonymous_0)
FN:20,(anonymous_1)
FN:24,(anonymous_2)
FN:42,(anonymous_3)
FN:51,(anonymous_4)
FN:57,(anonymous_5)
FN:58,(anonymous_6)
FN:68,(anonymous_7)
FN:70,(anonymous_8)
FNF:9
FNH:0
FNDA:0,(anonymous_0)
FNDA:0,(anonymous_1)
FNDA:0,(anonymous_2)
FNDA:0,(anonymous_3)
FNDA:0,(anonymous_4)
FNDA:0,(anonymous_5)
FNDA:0,(anonymous_6)
FNDA:0,(anonymous_7)
FNDA:0,(anonymous_8)
DA:5,1
DA:15,0
DA:16,0
DA:17,0
DA:21,0
DA:25,0
DA:26,0
DA:32,0
DA:33,0
DA:34,0
DA:35,0
DA:37,0
DA:38,0
DA:39,0
DA:44,0
DA:53,0
DA:54,0
DA:58,0
DA:59,0
DA:60,0
DA:61,0
DA:62,0
DA:63,0
DA:64,0
DA:70,0
DA:71,0
DA:72,0
LF:27
LH:1
BRF:0
BRH:0
end_of_record
TN:
SF:src\views\render-list-update.js
FN:5,(anonymous_0)
FN:11,(anonymous_1)
FN:13,(anonymous_2)
FN:26,(anonymous_3)
FN:33,(anonymous_4)
FN:46,(anonymous_5)
FN:51,(anonymous_6)
FNF:7
FNH:3
FNDA:6,(anonymous_0)
FNDA:6,(anonymous_1)
FNDA:9,(anonymous_2)
FNDA:0,(anonymous_3)
FNDA:0,(anonymous_4)
FNDA:0,(anonymous_5)
FNDA:0,(anonymous_6)
DA:5,1
DA:6,6
DA:7,6
DA:11,1
DA:12,6
DA:13,6
DA:14,9
DA:15,9
DA:16,9
DA:17,9
DA:18,9
DA:19,9
DA:20,9
DA:21,9
DA:22,9
DA:26,9
DA:27,0
DA:28,0
DA:29,0
DA:30,0
DA:33,0
DA:34,0
DA:35,0
DA:36,0
DA:40,0
DA:41,0
DA:42,0
DA:46,9
DA:47,0
DA:48,0
DA:51,9
DA:52,0
DA:53,0
DA:54,0
DA:55,0
LF:35
LH:18
BRDA:17,0,0,0
BRDA:17,0,1,9
BRDA:18,1,0,0
BRDA:18,1,1,9
BRDA:27,2,0,0
BRDA:27,2,1,0
BRF:6
BRH:2
end_of_record
